<?xml version="1.0" encoding="UTF-8"?>
<!-- Generated by org.testng.reporters.JUnitReportReporter -->
<testsuite hostname="DESKTOP-BL50OS1" failures="0" tests="1" name="Kite_Test.Test_Class" time="21.602" errors="0" timestamp="2022-09-06T16:31:31 IST" skipped="0">
  <testcase classname="Kite_Test.Test_Class" name="verifyuserID" time="21.602"/>
  <system-out>
    <![CDATA[running verify userID]]>
  </system-out>
</testsuite> <!-- Kite_Test.Test_Class -->
